<?xml version="1.0" encoding="UTF-8"?>
<!-- Generated by org.testng.reporters.JUnitXMLReporter -->
<testsuite ignored="1" hostname="LAPTOP-CPK9UGQT" failures="0" tests="3" name="Default test" time="6.532" errors="0" timestamp="2024-05-16T12:44:37 IST">
  <testcase classname="api.test.DDTests" name="testDeleteUserbyName" time="2.829"/>
  <testcase classname="api.test.DDTests" name="testDeleteUserbyName" time="1.446"/>
  <testcase classname="api.test.DDTests" name="testDeleteUserbyName" time="1.333"/>
  <testcase classname="api.test.DDTests" name="testPostUser" time="0.0">
    <ignored/>
  </testcase> <!-- testPostUser -->
</testsuite> <!-- Default test -->
