<?xml version="1.0" encoding="UTF-8"?>
<testng-results ignored="0" total="6" passed="6" failed="0" skipped="0">
  <reporter-output>
  </reporter-output>
  <suite started-at="2024-05-17T12:45:53 IST" name="PetSuite" finished-at="2024-05-17T12:46:04 IST" duration-ms="11149">
    <groups>
    </groups>
    <test started-at="2024-05-17T12:45:53 IST" name="petTest" finished-at="2024-05-17T12:46:04 IST" duration-ms="11149">
      <class name="api.test.DDTests">
        <test-method signature="testPostUser(java.lang.String,java.lang.String,java.lang.String,java.lang.String,java.lang.String,java.lang.String,java.lang.String)[pri:1, instance:api.test.DDTests@6bf08014]" started-at="2024-05-17T12:45:55 IST" name="testPostUser" data-provider="Data" finished-at="2024-05-17T12:45:58 IST" duration-ms="3068" status="PASS">
          <params>
            <param index="0">
              <value>
                <![CDATA[1010]]>
              </value>
            </param>
            <param index="1">
              <value>
                <![CDATA[User1]]>
              </value>
            </param>
            <param index="2">
              <value>
                <![CDATA[John]]>
              </value>
            </param>
            <param index="3">
              <value>
                <![CDATA[asalu]]>
              </value>
            </param>
            <param index="4">
              <value>
                <![CDATA[swetha.ert@gmail.com]]>
              </value>
            </param>
            <param index="5">
              <value>
                <![CDATA[test@1]]>
              </value>
            </param>
            <param index="6">
              <value>
                <![CDATA[23343234]]>
              </value>
            </param>
          </params>
          <reporter-output>
          </reporter-output>
        </test-method> <!-- testPostUser -->
        <test-method signature="testPostUser(java.lang.String,java.lang.String,java.lang.String,java.lang.String,java.lang.String,java.lang.String,java.lang.String)[pri:1, instance:api.test.DDTests@6bf08014]" started-at="2024-05-17T12:45:58 IST" name="testPostUser" data-provider="Data" finished-at="2024-05-17T12:45:59 IST" duration-ms="1258" status="PASS">
          <params>
            <param index="0">
              <value>
                <![CDATA[1011]]>
              </value>
            </param>
            <param index="1">
              <value>
                <![CDATA[User2]]>
              </value>
            </param>
            <param index="2">
              <value>
                <![CDATA[kim]]>
              </value>
            </param>
            <param index="3">
              <value>
                <![CDATA[rasalay]]>
              </value>
            </param>
            <param index="4">
              <value>
                <![CDATA[swetha.im@gmail.com]]>
              </value>
            </param>
            <param index="5">
              <value>
                <![CDATA[test@123]]>
              </value>
            </param>
            <param index="6">
              <value>
                <![CDATA[23343235]]>
              </value>
            </param>
          </params>
          <reporter-output>
          </reporter-output>
        </test-method> <!-- testPostUser -->
        <test-method signature="testPostUser(java.lang.String,java.lang.String,java.lang.String,java.lang.String,java.lang.String,java.lang.String,java.lang.String)[pri:1, instance:api.test.DDTests@6bf08014]" started-at="2024-05-17T12:45:59 IST" name="testPostUser" data-provider="Data" finished-at="2024-05-17T12:46:00 IST" duration-ms="1283" status="PASS">
          <params>
            <param index="0">
              <value>
                <![CDATA[1012]]>
              </value>
            </param>
            <param index="1">
              <value>
                <![CDATA[User3]]>
              </value>
            </param>
            <param index="2">
              <value>
                <![CDATA[kiran]]>
              </value>
            </param>
            <param index="3">
              <value>
                <![CDATA[higae]]>
              </value>
            </param>
            <param index="4">
              <value>
                <![CDATA[swetha.rasalay@gmail.com]]>
              </value>
            </param>
            <param index="5">
              <value>
                <![CDATA[resr@123]]>
              </value>
            </param>
            <param index="6">
              <value>
                <![CDATA[23343236]]>
              </value>
            </param>
          </params>
          <reporter-output>
          </reporter-output>
        </test-method> <!-- testPostUser -->
        <test-method signature="testDeleteUserbyName(java.lang.String)[pri:2, instance:api.test.DDTests@6bf08014]" started-at="2024-05-17T12:46:01 IST" name="testDeleteUserbyName" data-provider="UserNames" finished-at="2024-05-17T12:46:02 IST" duration-ms="1297" status="PASS">
          <params>
            <param index="0">
              <value>
                <![CDATA[User1]]>
              </value>
            </param>
          </params>
          <reporter-output>
          </reporter-output>
        </test-method> <!-- testDeleteUserbyName -->
        <test-method signature="testDeleteUserbyName(java.lang.String)[pri:2, instance:api.test.DDTests@6bf08014]" started-at="2024-05-17T12:46:02 IST" name="testDeleteUserbyName" data-provider="UserNames" finished-at="2024-05-17T12:46:03 IST" duration-ms="1194" status="PASS">
          <params>
            <param index="0">
              <value>
                <![CDATA[User2]]>
              </value>
            </param>
          </params>
          <reporter-output>
          </reporter-output>
        </test-method> <!-- testDeleteUserbyName -->
        <test-method signature="testDeleteUserbyName(java.lang.String)[pri:2, instance:api.test.DDTests@6bf08014]" started-at="2024-05-17T12:46:03 IST" name="testDeleteUserbyName" data-provider="UserNames" finished-at="2024-05-17T12:46:04 IST" duration-ms="1215" status="PASS">
          <params>
            <param index="0">
              <value>
                <![CDATA[User3]]>
              </value>
            </param>
          </params>
          <reporter-output>
          </reporter-output>
        </test-method> <!-- testDeleteUserbyName -->
      </class> <!-- api.test.DDTests -->
    </test> <!-- petTest -->
  </suite> <!-- PetSuite -->
</testng-results>
