<?xml version="1.0" encoding="UTF-8"?>
<testsuite xmlns:xsi="http://www.w3.org/2001/XMLSchema-instance" xsi:noNamespaceSchemaLocation="https://maven.apache.org/surefire/maven-surefire-plugin/xsd/surefire-test-report-3.0.xsd" version="3.0" name="TestSuite" time="12.394" tests="6" errors="0" skipped="0" failures="0">
  <properties>
[...]
</properties>
  <testcase name="testPostUser[1010, User1, John, asalu, swetha.ert@gmail.com, test@1, 23343234](1)" classname="api.test.DDTests" time="3.12">
    <system-err><![CDATA[SLF4J: Failed to load class "org.slf4j.impl.StaticLoggerBinder".
SLF4J: Defaulting to no-operation (NOP) logger implementation
SLF4J: See http://www.slf4j.org/codes.html#StaticLoggerBinder for further details.
]]></system-err>
  </testcase>
  <testcase name="testPostUser[1011, User2, kim, rasalay, swetha.im@gmail.com, test@123, 23343235](2)" classname="api.test.DDTests" time="1.261"/>
  <testcase name="testPostUser[1012, User3, kiran, higae, swetha.rasalay@gmail.com, resr@123, 23343236](3)" classname="api.test.DDTests" time="1.287"/>
  <testcase name="testDeleteUserbyName[User1](1)" classname="api.test.DDTests" time="1.304">
    <system-out><![CDATA[io.restassured.internal.RestAssuredResponseImpl@4c13ca07
]]></system-out>
  </testcase>
  <testcase name="testDeleteUserbyName[User2](2)" classname="api.test.DDTests" time="1.199">
    <system-out><![CDATA[io.restassured.internal.RestAssuredResponseImpl@151659dd
]]></system-out>
  </testcase>
  <testcase name="testDeleteUserbyName[User3](3)" classname="api.test.DDTests" time="1.221">
    <system-out><![CDATA[io.restassured.internal.RestAssuredResponseImpl@7227926b
]]></system-out>
  </testcase>
</testsuite>