<?xml version="1.0" encoding="UTF-8"?>
<!-- Generated by org.testng.reporters.JUnitXMLReporter -->
<testsuite ignored="0" hostname="LAPTOP-CPK9UGQT" failures="0" tests="6" name="petTest" time="11.149" errors="0" timestamp="2024-05-17T12:46:05 IST">
  <testcase classname="api.test.DDTests" name="testPostUser" time="3.068"/>
  <testcase classname="api.test.DDTests" name="testPostUser" time="1.258"/>
  <testcase classname="api.test.DDTests" name="testPostUser" time="1.283"/>
  <testcase classname="api.test.DDTests" name="testDeleteUserbyName" time="1.297"/>
  <testcase classname="api.test.DDTests" name="testDeleteUserbyName" time="1.194"/>
  <testcase classname="api.test.DDTests" name="testDeleteUserbyName" time="1.215"/>
</testsuite> <!-- petTest -->
