<?xml version="1.0" encoding="UTF-8"?>
<!-- Generated by org.testng.reporters.JUnitXMLReporter -->
<testsuite ignored="0" hostname="LAPTOP-CPK9UGQT" failures="0" tests="6" name="petTest" time="13.688" errors="0" timestamp="2024-05-16T22:02:51 IST">
  <testcase classname="api.test.DDTests" name="testPostUser" time="4.436"/>
  <testcase classname="api.test.DDTests" name="testPostUser" time="1.616"/>
  <testcase classname="api.test.DDTests" name="testPostUser" time="1.369"/>
  <testcase classname="api.test.DDTests" name="testDeleteUserbyName" time="1.365"/>
  <testcase classname="api.test.DDTests" name="testDeleteUserbyName" time="1.279"/>
  <testcase classname="api.test.DDTests" name="testDeleteUserbyName" time="1.517"/>
</testsuite> <!-- petTest -->
